Thu May 12 15:09:02 UTC 2022: 
 tests:  0|5
total_score: 0/70
2fa265e
Thu May 12 15:20:42 UTC 2022: 
 sudoku.c | 19 +++++++++++++++++++
 1 file changed, 19 insertions(+)
 tests:  0|5
total_score: 0/70
61ac373
Thu May 12 15:22:37 UTC 2022: 
 sudoku.c | 8 ++++----
 1 file changed, 4 insertions(+), 4 deletions(-)
 tests:  0|5
total_score: 0/70
4c50cef
Thu May 12 15:25:00 UTC 2022: 
 sudoku.c | 2 --
 1 file changed, 2 deletions(-)
In file included from test.c:5:0:
sudoku.c: In function ‘get_adj_nodes’:
sudoku.c:72:1: error: control reaches end of non-void function [-Werror=return-type]
 }
 ^
cc1: all warnings being treated as errors
Compilation failed
40b4ed7
Thu May 12 15:25:08 UTC 2022: 
 sudoku.c | 1 +
 1 file changed, 1 insertion(+)
 tests:  0|5
total_score: 0/70
96156ad
Thu May 12 15:26:41 UTC 2022: 
 sudoku.c | 4 ++--
 1 file changed, 2 insertions(+), 2 deletions(-)
 tests:  0|5
total_score: 0/70
de1f110
Thu May 12 15:27:17 UTC 2022: 
 sudoku.c | 4 ++--
 1 file changed, 2 insertions(+), 2 deletions(-)
 tests:  0|5
total_score: 0/70
ae66120
Thu May 12 15:27:31 UTC 2022: 
 sudoku.c | 4 ++--
 1 file changed, 2 insertions(+), 2 deletions(-)
 tests:  0|5
total_score: 0/70
5f6ad31
Thu May 12 15:27:42 UTC 2022: 
 sudoku.c | 4 ++--
 1 file changed, 2 insertions(+), 2 deletions(-)
 tests:  0|5
total_score: 0/70
8207c68
Thu May 12 15:29:15 UTC 2022: 
 sudoku.c | 2 +-
 1 file changed, 1 insertion(+), 1 deletion(-)
 tests:  0|5
total_score: 0/70
90b7ffe
Thu May 12 15:29:21 UTC 2022: 
 sudoku.c | 2 +-
 1 file changed, 1 insertion(+), 1 deletion(-)
 tests:  0|5
total_score: 0/70
ac94443
Thu May 12 15:31:27 UTC 2022: 
 sudoku.c | 1 +
 1 file changed, 1 insertion(+)
 tests:  0|5
total_score: 0/70
dee73fc
Thu May 12 15:31:44 UTC 2022: 
 sudoku.c | 2 +-
 1 file changed, 1 insertion(+), 1 deletion(-)
 tests:  0|5
total_score: 0/70
0e3ef99
Thu May 12 15:31:58 UTC 2022: 
 sudoku.c | 2 +-
 1 file changed, 1 insertion(+), 1 deletion(-)
 tests:  0|5
total_score: 0/70
cb8810d
Thu May 12 15:32:08 UTC 2022: 
 sudoku.c | 2 +-
 1 file changed, 1 insertion(+), 1 deletion(-)
 tests:  0|5
total_score: 0/70
7e5771e
Thu May 12 15:32:22 UTC 2022: 
 sudoku.c | 3 ++-
 1 file changed, 2 insertions(+), 1 deletion(-)
 tests:  0|5
total_score: 0/70
aa53a8e
Thu May 12 15:32:39 UTC 2022: 
 sudoku.c | 3 +--
 1 file changed, 1 insertion(+), 2 deletions(-)
 tests:  0|5
total_score: 0/70
1842d78
Thu May 12 15:32:54 UTC 2022: 
 sudoku.c | 3 +--
 1 file changed, 1 insertion(+), 2 deletions(-)
 tests:  0|5
total_score: 0/70
674e5da
Thu May 12 15:47:09 UTC 2022: 
 sudoku.c | 16 +++++++++++++---
 1 file changed, 13 insertions(+), 3 deletions(-)
In file included from test.c:5:0:
sudoku.c: In function ‘is_valid’:
sudoku.c:48:10: error: unused variable ‘vector’ [-Werror=unused-variable]
     int *vector = (int*)calloc(sizeof(int), 9);
          ^~~~~~
sudoku.c:56:1: error: control reaches end of non-void function [-Werror=return-type]
 }
 ^
cc1: all warnings being treated as errors
Compilation failed
0a30dbc
Thu May 12 15:47:16 UTC 2022: 
 sudoku.c | 9 +--------
 1 file changed, 1 insertion(+), 8 deletions(-)
 tests:  2|4
total_score: 15/70
0bb4aca
Thu May 12 15:54:48 UTC 2022: 
 sudoku.c | 10 ++++++++++
 1 file changed, 10 insertions(+)
In file included from test.c:5:0:
sudoku.c: In function ‘is_valid’:
sudoku.c:52:28: error: ‘p’ undeclared (first use in this function)
         int k = 3*(k/3) + (p/3);
                            ^
sudoku.c:52:28: note: each undeclared identifier is reported only once for each function it appears in
sudoku.c:48:10: error: unused variable ‘vector’ [-Werror=unused-variable]
     int *vector = (int*)calloc(sizeof(int),9);
          ^~~~~~
cc1: all warnings being treated as errors
Compilation failed
c8376ac
Thu May 12 15:56:04 UTC 2022: 
 sudoku.c | 10 +++++-----
 1 file changed, 5 insertions(+), 5 deletions(-)
In file included from test.c:5:0:
sudoku.c: In function ‘is_valid’:
sudoku.c:53:13: error: unused variable ‘b’ [-Werror=unused-variable]
         int b = 3*(k%3) + (i%3);
             ^
sudoku.c:52:13: error: unused variable ‘a’ [-Werror=unused-variable]
         int a = 3*(k/3) + (i/3);
             ^
sudoku.c:49:15: error: unused variable ‘b’ [-Werror=unused-variable]
     int i,j,a,b;
               ^
sudoku.c:49:13: error: unused variable ‘a’ [-Werror=unused-variable]
     int i,j,a,b;
             ^
sudoku.c:48:10: error: unused variable ‘vector’ [-Werror=unused-variable]
     int *vector = (int*)calloc(sizeof(int),9);
          ^~~~~~
sudoku.c:54:9: error: ‘j’ may be used uninitialized in this function [-Werror=maybe-uninitialized]
         printf("%d ",n->sudo[i][j]);
         ^~~~~~~~~~~~~~~~~~~~~~~~~~~
cc1: all warnings being treated as errors
Compilation failed
2ec09bc
Thu May 12 15:57:18 UTC 2022: 
 sudoku.c | 12 ++++++------
 1 file changed, 6 insertions(+), 6 deletions(-)
In file included from test.c:5:0:
sudoku.c: In function ‘is_valid’:
sudoku.c:49:15: error: unused variable ‘b’ [-Werror=unused-variable]
     int p,j,a,b;
               ^
sudoku.c:49:13: error: unused variable ‘a’ [-Werror=unused-variable]
     int p,j,a,b;
             ^
sudoku.c:49:11: error: unused variable ‘j’ [-Werror=unused-variable]
     int p,j,a,b;
           ^
cc1: all warnings being treated as errors
Compilation failed
4b9505d
Thu May 12 15:57:23 UTC 2022: 
 sudoku.c | 2 +-
 1 file changed, 1 insertion(+), 1 deletion(-)
In file included from test.c:5:0:
sudoku.c: In function ‘is_valid’:
sudoku.c:49:13: error: unused variable ‘a’ [-Werror=unused-variable]
     int p,j,a;
             ^
sudoku.c:49:11: error: unused variable ‘j’ [-Werror=unused-variable]
     int p,j,a;
           ^
cc1: all warnings being treated as errors
Compilation failed
b3056a7
Thu May 12 15:57:29 UTC 2022: 
 sudoku.c | 2 +-
 1 file changed, 1 insertion(+), 1 deletion(-)
 tests:  2|4
total_score: 15/70
db4ef00
Thu May 12 15:58:52 UTC 2022: 
 sudoku.c | 3 +--
 1 file changed, 1 insertion(+), 2 deletions(-)
In file included from test.c:5:0:
sudoku.c: In function ‘is_valid’:
sudoku.c:53:13: error: unused variable ‘j’ [-Werror=unused-variable]
         int j=3*(k%3) + (p%3) ;
             ^
sudoku.c:52:13: error: unused variable ‘i’ [-Werror=unused-variable]
         int i=3*(k/3) + (p/3) ;
             ^
cc1: all warnings being treated as errors
Compilation failed
f6e9dea
Thu May 12 15:59:17 UTC 2022: 
 sudoku.c | 2 +-
 1 file changed, 1 insertion(+), 1 deletion(-)
In file included from test.c:5:0:
sudoku.c: In function ‘is_valid’:
sudoku.c:54:9: error: implicit declaration of function ‘print’; did you mean ‘printf’? [-Werror=implicit-function-declaration]
         print("AA\n");
         ^~~~~
         printf
sudoku.c:53:13: error: unused variable ‘j’ [-Werror=unused-variable]
         int j=3*(k%3) + (p%3) ;
             ^
sudoku.c:52:13: error: unused variable ‘i’ [-Werror=unused-variable]
         int i=3*(k/3) + (p/3) ;
             ^
cc1: all warnings being treated as errors
Compilation failed
68ca68b
Thu May 12 16:01:38 UTC 2022: 
 sudoku.c | 8 +++++---
 1 file changed, 5 insertions(+), 3 deletions(-)
 tests:  2|4
total_score: 15/70
9ee192e
Thu May 12 16:04:41 UTC 2022: 
 sudoku.c | 10 +++-------
 1 file changed, 3 insertions(+), 7 deletions(-)
In file included from test.c:5:0:
sudoku.c: In function ‘is_valid’:
sudoku.c:50:9: error: unused variable ‘k’ [-Werror=unused-variable]
     int k = 4;
         ^
sudoku.c:49:15: error: unused variable ‘b’ [-Werror=unused-variable]
     int i,j,a,b;
               ^
sudoku.c:49:13: error: unused variable ‘a’ [-Werror=unused-variable]
     int i,j,a,b;
             ^
sudoku.c:49:11: error: unused variable ‘j’ [-Werror=unused-variable]
     int i,j,a,b;
           ^
sudoku.c:48:10: error: unused variable ‘vector’ [-Werror=unused-variable]
     int *vector = (int*)calloc(sizeof(int),9);
          ^~~~~~
cc1: all warnings being treated as errors
Compilation failed
d680e3b
Thu May 12 16:05:13 UTC 2022: 
 sudoku.c | 12 +++++++-----
 1 file changed, 7 insertions(+), 5 deletions(-)
 tests:  2|4
total_score: 15/70
120b888
Thu May 12 16:11:38 UTC 2022: 
 sudoku.c | 5 +++--
 1 file changed, 3 insertions(+), 2 deletions(-)
 tests:  2|4
total_score: 15/70
78e4f8d
Sat May 14 18:50:29 UTC 2022: 
 sudoku.c | 4 ++--
 1 file changed, 2 insertions(+), 2 deletions(-)
In file included from test.c:5:0:
sudoku.c: In function ‘is_valid’:
sudoku.c:49:10: error: unused variable ‘vector’ [-Werror=unused-variable]
     int *vector = (int*)calloc(sizeof(int),10);
          ^~~~~~
cc1: all warnings being treated as errors
Compilation failed
d74571d
Sat May 14 18:50:39 UTC 2022: 
 sudoku.c | 2 +-
 1 file changed, 1 insertion(+), 1 deletion(-)
 tests:  2|4
total_score: 15/70
92b36ca
Sat May 14 18:56:29 UTC 2022: 
 sudoku.c | 14 +++-----------
 1 file changed, 3 insertions(+), 11 deletions(-)
 tests:  1|5
total_score: 5/70
ee373cf
Sat May 14 18:56:51 UTC 2022: 
 sudoku.c | 4 ++--
 1 file changed, 2 insertions(+), 2 deletions(-)
 tests:  2|4
total_score: 15/70
9c803f7
Sat May 14 19:03:41 UTC 2022: 
 sudoku.c | 14 ++++++++++++++
 1 file changed, 14 insertions(+)
 tests:  0|5
total_score: 0/70
073ccf3
Sat May 14 19:03:53 UTC 2022: 
 sudoku.c | 15 +--------------
 1 file changed, 1 insertion(+), 14 deletions(-)
 tests:  2|4
total_score: 15/70
92ff850
Sat May 14 19:03:58 UTC 2022: 
 sudoku.c | 15 ++++++++++++++-
 1 file changed, 14 insertions(+), 1 deletion(-)
 tests:  0|5
total_score: 0/70
45f191e
Sat May 14 19:04:14 UTC 2022: 
 sudoku.c | 2 --
 1 file changed, 2 deletions(-)
 tests:  0|5
total_score: 0/70
5ed3268
Sat May 14 19:04:43 UTC 2022: 
 sudoku.c | 2 +-
 1 file changed, 1 insertion(+), 1 deletion(-)
In file included from test.c:5:0:
sudoku.c: In function ‘is_valid’:
sudoku.c:57:35: error: expected ‘)’ before ‘;’ token
             else {printf("Entra\n";return 0;}
                                   ^
sudoku.c:57:45: error: expected ‘;’ before ‘}’ token
             else {printf("Entra\n";return 0;}
                                             ^
Compilation failed
986bf1b
Sat May 14 19:04:50 UTC 2022: 
 sudoku.c | 2 +-
 1 file changed, 1 insertion(+), 1 deletion(-)
 tests:  0|5
total_score: 0/70
76c3b37
Sat May 14 19:05:23 UTC 2022: 
 sudoku.c | 2 +-
 1 file changed, 1 insertion(+), 1 deletion(-)
 tests:  0|5
total_score: 0/70
e1521fe
Sat May 14 19:05:53 UTC 2022: 
 sudoku.c | 3 ++-
 1 file changed, 2 insertions(+), 1 deletion(-)
 tests:  0|5
total_score: 0/70
cb162c6
Sat May 14 19:07:17 UTC 2022: 
 sudoku.c | 3 ---
 1 file changed, 3 deletions(-)
 tests:  2|4
total_score: 15/70
218108c
Sat May 14 19:09:44 UTC 2022: 
 sudoku.c | 5 ++++-
 1 file changed, 4 insertions(+), 1 deletion(-)
 tests:  0|5
total_score: 0/70
e563613
Sat May 14 19:09:56 UTC 2022: 
 sudoku.c | 2 +-
 1 file changed, 1 insertion(+), 1 deletion(-)
 tests:  0|5
total_score: 0/70
a5edde5
Sat May 14 19:10:41 UTC 2022: 
 sudoku.c | 2 ++
 1 file changed, 2 insertions(+)
 tests:  0|5
total_score: 0/70
ff94c63
Sat May 14 19:11:11 UTC 2022: 
 sudoku.c | 1 +
 1 file changed, 1 insertion(+)
 tests:  0|5
total_score: 0/70
392eb76
Sat May 14 19:15:00 UTC 2022: 
 sudoku.c | 15 +--------------
 1 file changed, 1 insertion(+), 14 deletions(-)
In file included from test.c:5:0:
sudoku.c: In function ‘is_valid’:
sudoku.c:49:10: error: unused variable ‘vector’ [-Werror=unused-variable]
     int *vector = (int*)calloc(sizeof(int),10);
          ^~~~~~
cc1: all warnings being treated as errors
Compilation failed
46c47f5
Sat May 14 21:15:36 UTC 2022: 
 sudoku.c | 9 ++++++++-
 1 file changed, 8 insertions(+), 1 deletion(-)
 tests:  0|5
total_score: 0/70
7343d4e
Sat May 14 21:16:28 UTC 2022: 
 sudoku.c | 2 +-
 1 file changed, 1 insertion(+), 1 deletion(-)
 tests:  2|4
total_score: 15/70
822e72a
Sat May 14 21:18:59 UTC 2022: 
 sudoku.c | 11 +++++++++++
 1 file changed, 11 insertions(+)
 tests:  0|5
total_score: 0/70
6bce45c
Sat May 14 21:22:24 UTC 2022: 
 sudoku.c | 12 ++++++++++++
 1 file changed, 12 insertions(+)
 tests:  0|5
total_score: 0/70
6c8039e
Sat May 14 21:22:44 UTC 2022: 
 sudoku.c | 23 -----------------------
 1 file changed, 23 deletions(-)
test.c: In function ‘is_valid’:
test.c:245:5: error: ‘main’ is normally a non-static function [-Werror=main]
 int main( int argc, char *argv[] ) {
     ^~~~
test.c:262:1: error: expected declaration or statement at end of input
 }
 ^
test.c:262:1: error: control reaches end of non-void function [-Werror=return-type]
 }
 ^
At top level:
test.c:245:5: error: ‘main’ defined but not used [-Werror=unused-function]
 int main( int argc, char *argv[] ) {
     ^~~~
test.c:7:8: error: ‘_strdup’ defined but not used [-Werror=unused-function]
 char * _strdup(const char * str) {
        ^~~~~~~
cc1: all warnings being treated as errors
Compilation failed
3f09c1e
Sat May 14 22:01:38 UTC 2022: 
 sudoku.c | 6 ++++--
 1 file changed, 4 insertions(+), 2 deletions(-)
In file included from test.c:5:0:
sudoku.c: In function ‘is_valid’:
sudoku.c:49:10: error: unused variable ‘vector’ [-Werror=unused-variable]
     int *vector = (int*)calloc(sizeof(int),10);
          ^~~~~~
cc1: all warnings being treated as errors
Compilation failed
19e584b
Sat May 14 22:01:45 UTC 2022: 
 sudoku.c | 3 ++-
 1 file changed, 2 insertions(+), 1 deletion(-)
 tests:  2|4
total_score: 15/70
0608f08
Sat May 14 22:02:21 UTC 2022: 
 sudoku.c | 1 +
 1 file changed, 1 insertion(+)
 tests:  2|4
total_score: 15/70
b6881b6
Sat May 14 22:02:50 UTC 2022: 
 sudoku.c | 2 +-
 1 file changed, 1 insertion(+), 1 deletion(-)
 tests:  2|4
total_score: 15/70
add3243
Sat May 14 22:03:13 UTC 2022: 
 sudoku.c | 2 +-
 1 file changed, 1 insertion(+), 1 deletion(-)
 tests:  2|4
total_score: 15/70
aca601f
Sat May 14 22:23:04 UTC 2022: 
 sudoku.c | 2 +-
 1 file changed, 1 insertion(+), 1 deletion(-)
In file included from test.c:5:0:
sudoku.c: In function ‘is_valid’:
sudoku.c:50:10: error: unused variable ‘vector’ [-Werror=unused-variable]
     int *vector = (int*)calloc(sizeof(int),10);
          ^~~~~~
cc1: all warnings being treated as errors
Compilation failed
b9a42ec
Sat May 14 22:29:20 UTC 2022: 
 sudoku.c | 1 -
 1 file changed, 1 deletion(-)
In file included from test.c:5:0:
sudoku.c: In function ‘is_valid’:
sudoku.c:50:10: error: unused variable ‘vector’ [-Werror=unused-variable]
     int *vector = (int*)calloc(sizeof(int),10);
          ^~~~~~
cc1: all warnings being treated as errors
Compilation failed
7f8da77
Sat May 14 22:29:29 UTC 2022: 
 sudoku.c | 2 +-
 1 file changed, 1 insertion(+), 1 deletion(-)
 tests:  2|4
total_score: 15/70
efaff5e
Sat May 14 22:31:31 UTC 2022: 
 sudoku.c | 11 +++++++----
 1 file changed, 7 insertions(+), 4 deletions(-)
 tests:  0|5
total_score: 0/70
20b0a53
Sat May 14 22:45:30 UTC 2022: 
 sudoku.c | 38 ++++++++++++++++++++++++++++++--------
 1 file changed, 30 insertions(+), 8 deletions(-)
 tests:  0|5
total_score: 0/70
d9c3af9
Sat May 14 22:48:07 UTC 2022: 
 sudoku.c | 6 +++---
 1 file changed, 3 insertions(+), 3 deletions(-)
 tests:  0|5
total_score: 0/70
86b0913
Sat May 14 22:52:20 UTC 2022: 
 sudoku.c | 1 -
 1 file changed, 1 deletion(-)
 tests:  0|5
total_score: 0/70
d4a82d5
Sat May 14 22:52:54 UTC 2022: 
 sudoku.c | 1 +
 1 file changed, 1 insertion(+)
 tests:  0|5
total_score: 0/70
ba9269a
Sat May 14 22:58:20 UTC 2022: 
 sudoku.c | 7 +++----
 1 file changed, 3 insertions(+), 4 deletions(-)
 tests:  6|2
total_score: 45/70
a8903e0
Sat May 14 23:01:09 UTC 2022: 
 sudoku.c | 7 ++++++-
 1 file changed, 6 insertions(+), 1 deletion(-)
 tests:  7|1
total_score: 55/70
5baf96b
Sat May 14 23:09:11 UTC 2022: 
 sudoku.c | 14 ++++++++++++++
 1 file changed, 14 insertions(+)
 tests:  0|0
47afede
Sat May 14 23:11:55 UTC 2022: 
 sudoku.c | 2 +-
 1 file changed, 1 insertion(+), 1 deletion(-)
 tests:  0|0
f3cc3d6
Sat May 14 23:12:32 UTC 2022: 
 sudoku.c | 2 +-
 1 file changed, 1 insertion(+), 1 deletion(-)
In file included from test.c:5:0:
sudoku.c: In function ‘DFS’:
sudoku.c:138:1: error: control reaches end of non-void function [-Werror=return-type]
 }
 ^
cc1: all warnings being treated as errors
Compilation failed
684b7e0
Sat May 14 23:12:46 UTC 2022: 
 sudoku.c | 2 +-
 1 file changed, 1 insertion(+), 1 deletion(-)
 tests:  0|0
1a8fd69
Sat May 14 23:14:59 UTC 2022: 
 sudoku.c | 5 +++--
 1 file changed, 3 insertions(+), 2 deletions(-)
 tests:  10|0
total_score: 70/70
4966e1d
Sat May 14 23:15:45 UTC 2022: 
 sudoku.c | 4 ++--
 1 file changed, 2 insertions(+), 2 deletions(-)
test.c:245:5: error: redefinition of ‘main’
 int main( int argc, char *argv[] ) {
     ^~~~
In file included from test.c:5:0:
sudoku.c:144:5: note: previous definition of ‘main’ was here
 int main( int argc, char *argv[] ){
     ^~~~
Compilation failed
28f3422
Sat May 14 23:15:54 UTC 2022: 
 sudoku.c | 4 ++--
 1 file changed, 2 insertions(+), 2 deletions(-)
 tests:  10|0
total_score: 70/70
396bfb7
Sun May 15 01:17:48 UTC 2022: 
 sudoku.c | 4 ++--
 1 file changed, 2 insertions(+), 2 deletions(-)
test.c:245:5: error: redefinition of ‘main’
 int main( int argc, char *argv[] ) {
     ^~~~
In file included from test.c:5:0:
sudoku.c:144:5: note: previous definition of ‘main’ was here
 int main( int argc, char *argv[] ){
     ^~~~
Compilation failed
6297f35
Sun May 15 01:17:58 UTC 2022: 
 sudoku.c | 4 ++--
 1 file changed, 2 insertions(+), 2 deletions(-)
 tests:  10|0
total_score: 70/70
2674696
Sun May 15 01:49:26 UTC 2022: 
 sudoku.c | 5 +++--
 1 file changed, 3 insertions(+), 2 deletions(-)
 tests:  0|0
b6cbb08
Sun May 15 01:49:38 UTC 2022: 
 sudoku.c | 1 -
 1 file changed, 1 deletion(-)
 tests:  10|0
total_score: 70/70
70dd2df
Sun May 15 01:49:46 UTC 2022: 
 sudoku.c | 1 +
 1 file changed, 1 insertion(+)
 tests:  0|0
485be40
Sun May 15 01:49:58 UTC 2022: 
 sudoku.c | 2 +-
 1 file changed, 1 insertion(+), 1 deletion(-)
 tests:  10|0
total_score: 70/70
c44a38e
Sun May 15 01:50:25 UTC 2022: 
 sudoku.c | 5 ++---
 1 file changed, 2 insertions(+), 3 deletions(-)
test.c:245:5: error: redefinition of ‘main’
 int main( int argc, char *argv[] ) {
     ^~~~
In file included from test.c:5:0:
sudoku.c:142:5: note: previous definition of ‘main’ was here
 int main( int argc, char *argv[] ){
     ^~~~
Compilation failed
43d5974
Sun May 15 01:52:47 UTC 2022: 
 sudoku.c | 3 ++-
 1 file changed, 2 insertions(+), 1 deletion(-)
test.c:245:5: error: redefinition of ‘main’
 int main( int argc, char *argv[] ) {
     ^~~~
In file included from test.c:5:0:
sudoku.c:143:5: note: previous definition of ‘main’ was here
 int main( int argc, char *argv[] ){
     ^~~~
Compilation failed
501c43d
